Copyright 1986-2022 Xilinx, Inc. All Rights Reserved. Copyright 2022-2023 Advanced Micro Devices, Inc. All Rights Reserved.
------------------------------------------------------------------------------------------------------------------------------------------------------------------------------------------------------
| Tool Version : Vivado v.2023.2 (lin64) Build 4029153 Fri Oct 13 20:13:54 MDT 2023
| Date         : Sat Jun 20 21:31:14 2026
| Host         : nguyenvanthuc2407 running 64-bit Ubuntu 24.04.4 LTS
| Command      : report_timing_summary -max_paths 10 -report_unconstrained -file top_timing_summary_routed.rpt -pb top_timing_summary_routed.pb -rpx top_timing_summary_routed.rpx -warn_on_violation
| Design       : top
| Device       : 7a35t-csg324
| Speed File   : -1  PRODUCTION 1.23 2018-06-13
| Design State : Routed
------------------------------------------------------------------------------------------------------------------------------------------------------------------------------------------------------

Timing Summary Report

------------------------------------------------------------------------------------------------
| Timer Settings
| --------------
------------------------------------------------------------------------------------------------

  Enable Multi Corner Analysis               :  Yes
  Enable Pessimism Removal                   :  Yes
  Pessimism Removal Resolution               :  Nearest Common Node
  Enable Input Delay Default Clock           :  No
  Enable Preset / Clear Arcs                 :  No
  Disable Flight Delays                      :  No
  Ignore I/O Paths                           :  No
  Timing Early Launch at Borrowing Latches   :  No
  Borrow Time for Max Delay Exceptions       :  Yes
  Merge Timing Exceptions                    :  Yes
  Inter-SLR Compensation                     :  Conservative

  Corner  Analyze    Analyze    
  Name    Max Paths  Min Paths  
  ------  ---------  ---------  
  Slow    Yes        Yes        
  Fast    Yes        Yes        


------------------------------------------------------------------------------------------------
| Report Methodology
| ------------------
------------------------------------------------------------------------------------------------

No report available as report_methodology has not been run prior. Run report_methodology on the current design for the summary of methodology violations.



check_timing report

Table of Contents
-----------------
1. checking no_clock (0)
2. checking constant_clock (0)
3. checking pulse_width_clock (0)
4. checking unconstrained_internal_endpoints (0)
5. checking no_input_delay (0)
6. checking no_output_delay (0)
7. checking multiple_clock (0)
8. checking generated_clocks (0)
9. checking loops (0)
10. checking partial_input_delay (0)
11. checking partial_output_delay (0)
12. checking latch_loops (0)

1. checking no_clock (0)
------------------------
 There are 0 register/latch pins with no clock.


2. checking constant_clock (0)
------------------------------
 There are 0 register/latch pins with constant_clock.


3. checking pulse_width_clock (0)
---------------------------------
 There are 0 register/latch pins which need pulse_width check


4. checking unconstrained_internal_endpoints (0)
------------------------------------------------
 There are 0 pins that are not constrained for maximum delay.

 There are 0 pins that are not constrained for maximum delay due to constant clock.


5. checking no_input_delay (0)
------------------------------
 There are 0 input ports with no input delay specified.

 There are 0 input ports with no input delay but user has a false path constraint.


6. checking no_output_delay (0)
-------------------------------
 There are 0 ports with no output delay specified.

 There are 0 ports with no output delay but user has a false path constraint

 There are 0 ports with no output delay but with a timing clock defined on it or propagating through it


7. checking multiple_clock (0)
------------------------------
 There are 0 register/latch pins with multiple clocks.


8. checking generated_clocks (0)
--------------------------------
 There are 0 generated clocks that are not connected to a clock source.


9. checking loops (0)
---------------------
 There are 0 combinational loops in the design.


10. checking partial_input_delay (0)
------------------------------------
 There are 0 input ports with partial input delay specified.


11. checking partial_output_delay (0)
-------------------------------------
 There are 0 ports with partial output delay specified.


12. checking latch_loops (0)
----------------------------
 There are 0 combinational latch loops in the design through latch input



------------------------------------------------------------------------------------------------
| Design Timing Summary
| ---------------------
------------------------------------------------------------------------------------------------

    WNS(ns)      TNS(ns)  TNS Failing Endpoints  TNS Total Endpoints      WHS(ns)      THS(ns)  THS Failing Endpoints  THS Total Endpoints     WPWS(ns)     TPWS(ns)  TPWS Failing Endpoints  TPWS Total Endpoints  
    -------      -------  ---------------------  -------------------      -------      -------  ---------------------  -------------------     --------     --------  ----------------------  --------------------  
        inf        0.000                      0                   35          inf        0.000                      0                   35           NA           NA                      NA                    NA  


There are no user specified timing constraints.


------------------------------------------------------------------------------------------------
| Clock Summary
| -------------
------------------------------------------------------------------------------------------------


------------------------------------------------------------------------------------------------
| Intra Clock Table
| -----------------
------------------------------------------------------------------------------------------------

Clock             WNS(ns)      TNS(ns)  TNS Failing Endpoints  TNS Total Endpoints      WHS(ns)      THS(ns)  THS Failing Endpoints  THS Total Endpoints     WPWS(ns)     TPWS(ns)  TPWS Failing Endpoints  TPWS Total Endpoints  
-----             -------      -------  ---------------------  -------------------      -------      -------  ---------------------  -------------------     --------     --------  ----------------------  --------------------  


------------------------------------------------------------------------------------------------
| Inter Clock Table
| -----------------
------------------------------------------------------------------------------------------------

From Clock    To Clock          WNS(ns)      TNS(ns)  TNS Failing Endpoints  TNS Total Endpoints      WHS(ns)      THS(ns)  THS Failing Endpoints  THS Total Endpoints  
----------    --------          -------      -------  ---------------------  -------------------      -------      -------  ---------------------  -------------------  


------------------------------------------------------------------------------------------------
| Other Path Groups Table
| -----------------------
------------------------------------------------------------------------------------------------

Path Group    From Clock    To Clock          WNS(ns)      TNS(ns)  TNS Failing Endpoints  TNS Total Endpoints      WHS(ns)      THS(ns)  THS Failing Endpoints  THS Total Endpoints  
----------    ----------    --------          -------      -------  ---------------------  -------------------      -------      -------  ---------------------  -------------------  


------------------------------------------------------------------------------------------------
| User Ignored Path Table
| -----------------------
------------------------------------------------------------------------------------------------

Path Group    From Clock    To Clock    
----------    ----------    --------    


------------------------------------------------------------------------------------------------
| Unconstrained Path Table
| ------------------------
------------------------------------------------------------------------------------------------

Path Group    From Clock    To Clock    
----------    ----------    --------    
(none)                                    


------------------------------------------------------------------------------------------------
| Timing Details
| --------------
------------------------------------------------------------------------------------------------


--------------------------------------------------------------------------------------
Path Group:  (none)
From Clock:  
  To Clock:  

Max Delay            35 Endpoints
Min Delay            35 Endpoints
--------------------------------------------------------------------------------------


Max Delay Paths
--------------------------------------------------------------------------------------
Slack:                    inf
  Source:                 op[1]
                            (input port)
  Destination:            zero
                            (output port)
  Path Group:             (none)
  Path Type:              Max at Slow Process Corner
  Data Path Delay:        17.817ns  (logic 5.477ns (30.742%)  route 12.339ns (69.258%))
  Logic Levels:           6  (IBUF=1 LUT4=1 LUT6=3 OBUF=1)

    Location             Delay type                Incr(ns)  Path(ns)    Netlist Resource(s)
  -------------------------------------------------------------------    -------------------
    T8                                                0.000     0.000 r  op[1] (IN)
                         net (fo=0)                   0.000     0.000    op[1]
    T8                   IBUF (Prop_ibuf_I_O)         1.467     1.467 r  op_IBUF[1]_inst/O
                         net (fo=49, routed)          5.920     7.387    alu/alu/op_IBUF[1]
    SLICE_X3Y19          LUT6 (Prop_lut6_I2_O)        0.124     7.511 f  alu/alu/result_OBUF[3]_inst_i_2/O
                         net (fo=1, routed)           0.433     7.944    alu/alu/result_OBUF[3]_inst_i_2_n_0
    SLICE_X3Y19          LUT6 (Prop_lut6_I1_O)        0.124     8.068 f  alu/alu/result_OBUF[3]_inst_i_1/O
                         net (fo=2, routed)           1.073     9.140    alu/alu/result_OBUF[3]
    SLICE_X5Y19          LUT4 (Prop_lut4_I2_O)        0.124     9.264 r  alu/alu/zero_OBUF_inst_i_2/O
                         net (fo=1, routed)           1.058    10.322    alu/alu/zero_OBUF_inst_i_2_n_0
    SLICE_X5Y25          LUT6 (Prop_lut6_I0_O)        0.124    10.446 r  alu/alu/zero_OBUF_inst_i_1/O
                         net (fo=1, routed)           3.857    14.302    zero_OBUF
    L6                   OBUF (Prop_obuf_I_O)         3.514    17.817 r  zero_OBUF_inst/O
                         net (fo=0)                   0.000    17.817    zero
    L6                                                                r  zero (OUT)
  -------------------------------------------------------------------    -------------------

Slack:                    inf
  Source:                 a[20]
                            (input port)
  Destination:            result[29]
                            (output port)
  Path Group:             (none)
  Path Type:              Max at Slow Process Corner
  Data Path Delay:        16.686ns  (logic 6.707ns (40.192%)  route 9.980ns (59.808%))
  Logic Levels:           9  (CARRY4=3 IBUF=1 LUT2=2 LUT6=2 OBUF=1)

    Location             Delay type                Incr(ns)  Path(ns)    Netlist Resource(s)
  -------------------------------------------------------------------    -------------------
    H14                                               0.000     0.000 r  a[20] (IN)
                         net (fo=0)                   0.000     0.000    a[20]
    H14                  IBUF (Prop_ibuf_I_O)         1.479     1.479 r  a_IBUF[20]_inst/O
                         net (fo=6, routed)           3.641     5.119    alu/alu/a_IBUF[20]
    SLICE_X3Y25          LUT2 (Prop_lut2_I0_O)        0.124     5.243 r  alu/alu/result_OBUF[23]_inst_i_7/O
                         net (fo=1, routed)           0.000     5.243    alu/alu/result_OBUF[23]_inst_i_7_n_0
    SLICE_X3Y25          CARRY4 (Prop_carry4_S[0]_CO[3])
                                                      0.532     5.775 r  alu/alu/result_OBUF[23]_inst_i_3/CO[3]
                         net (fo=1, routed)           0.000     5.775    alu/alu/result_OBUF[23]_inst_i_3_n_0
    SLICE_X3Y26          CARRY4 (Prop_carry4_CI_CO[3])
                                                      0.114     5.889 r  alu/alu/result_OBUF[27]_inst_i_3/CO[3]
                         net (fo=1, routed)           0.000     5.889    alu/alu/result_OBUF[27]_inst_i_3_n_0
    SLICE_X3Y27          CARRY4 (Prop_carry4_CI_O[1])
                                                      0.334     6.223 r  alu/alu/overflow_OBUF_inst_i_3/O[1]
                         net (fo=1, routed)           0.986     7.209    alu/alu/overflow_OBUF_inst_i_3_n_6
    SLICE_X0Y27          LUT6 (Prop_lut6_I0_O)        0.303     7.512 r  alu/alu/result_OBUF[29]_inst_i_3/O
                         net (fo=1, routed)           0.444     7.956    alu/alu/result_OBUF[29]_inst_i_3_n_0
    SLICE_X0Y27          LUT6 (Prop_lut6_I2_O)        0.124     8.080 r  alu/alu/result_OBUF[29]_inst_i_2/O
                         net (fo=2, routed)           1.765     9.845    alu/alu/result_OBUF[29]_inst_i_2_n_0
    SLICE_X28Y23         LUT2 (Prop_lut2_I0_O)        0.124     9.969 r  alu/alu/result_OBUF[29]_inst_i_1/O
                         net (fo=1, routed)           3.145    13.114    result_OBUF[29]
    U3                   OBUF (Prop_obuf_I_O)         3.573    16.686 r  result_OBUF[29]_inst/O
                         net (fo=0)                   0.000    16.686    result[29]
    U3                                                                r  result[29] (OUT)
  -------------------------------------------------------------------    -------------------

Slack:                    inf
  Source:                 a[5]
                            (input port)
  Destination:            result[28]
                            (output port)
  Path Group:             (none)
  Path Type:              Max at Slow Process Corner
  Data Path Delay:        15.834ns  (logic 6.896ns (43.553%)  route 8.938ns (56.447%))
  Logic Levels:           12  (CARRY4=7 IBUF=1 LUT2=1 LUT6=2 OBUF=1)

    Location             Delay type                Incr(ns)  Path(ns)    Netlist Resource(s)
  -------------------------------------------------------------------    -------------------
    F18                                               0.000     0.000 r  a[5] (IN)
                         net (fo=0)                   0.000     0.000    a[5]
    F18                  IBUF (Prop_ibuf_I_O)         1.496     1.496 r  a_IBUF[5]_inst/O
                         net (fo=6, routed)           3.357     4.853    alu/alu/a_IBUF[5]
    SLICE_X1Y21          CARRY4 (Prop_carry4_DI[1]_CO[3])
                                                      0.507     5.360 r  alu/alu/result_reg0_carry__0/CO[3]
                         net (fo=1, routed)           0.000     5.360    alu/alu/result_reg0_carry__0_n_0
    SLICE_X1Y22          CARRY4 (Prop_carry4_CI_CO[3])
                                                      0.114     5.474 r  alu/alu/result_reg0_carry__1/CO[3]
                         net (fo=1, routed)           0.000     5.474    alu/alu/result_reg0_carry__1_n_0
    SLICE_X1Y23          CARRY4 (Prop_carry4_CI_CO[3])
                                                      0.114     5.588 r  alu/alu/result_reg0_carry__2/CO[3]
                         net (fo=1, routed)           0.000     5.588    alu/alu/result_reg0_carry__2_n_0
    SLICE_X1Y24          CARRY4 (Prop_carry4_CI_CO[3])
                                                      0.114     5.702 r  alu/alu/result_reg0_carry__3/CO[3]
                         net (fo=1, routed)           0.009     5.711    alu/alu/result_reg0_carry__3_n_0
    SLICE_X1Y25          CARRY4 (Prop_carry4_CI_CO[3])
                                                      0.114     5.825 r  alu/alu/result_reg0_carry__4/CO[3]
                         net (fo=1, routed)           0.000     5.825    alu/alu/result_reg0_carry__4_n_0
    SLICE_X1Y26          CARRY4 (Prop_carry4_CI_CO[3])
                                                      0.114     5.939 r  alu/alu/result_reg0_carry__5/CO[3]
                         net (fo=1, routed)           0.000     5.939    alu/alu/result_reg0_carry__5_n_0
    SLICE_X1Y27          CARRY4 (Prop_carry4_CI_O[0])
                                                      0.222     6.161 r  alu/alu/result_reg0_carry__6/O[0]
                         net (fo=1, routed)           0.977     7.138    alu/alu/result_reg0_carry__6_n_7
    SLICE_X2Y27          LUT6 (Prop_lut6_I1_O)        0.299     7.437 r  alu/alu/result_OBUF[28]_inst_i_3/O
                         net (fo=1, routed)           0.378     7.815    alu/alu/result_OBUF[28]_inst_i_3_n_0
    SLICE_X2Y27          LUT6 (Prop_lut6_I2_O)        0.124     7.939 r  alu/alu/result_OBUF[28]_inst_i_2/O
                         net (fo=2, routed)           0.579     8.518    alu/alu/result_OBUF[28]_inst_i_2_n_0
    SLICE_X5Y27          LUT2 (Prop_lut2_I0_O)        0.124     8.642 r  alu/alu/result_OBUF[28]_inst_i_1/O
                         net (fo=1, routed)           3.638    12.280    result_OBUF[28]
    U2                   OBUF (Prop_obuf_I_O)         3.554    15.834 r  result_OBUF[28]_inst/O
                         net (fo=0)                   0.000    15.834    result[28]
    U2                                                                r  result[28] (OUT)
  -------------------------------------------------------------------    -------------------

Slack:                    inf
  Source:                 a[5]
                            (input port)
  Destination:            result[12]
                            (output port)
  Path Group:             (none)
  Path Type:              Max at Slow Process Corner
  Data Path Delay:        15.706ns  (logic 6.635ns (42.247%)  route 9.071ns (57.753%))
  Logic Levels:           8  (CARRY4=3 IBUF=1 LUT2=1 LUT6=2 OBUF=1)

    Location             Delay type                Incr(ns)  Path(ns)    Netlist Resource(s)
  -------------------------------------------------------------------    -------------------
    F18                                               0.000     0.000 r  a[5] (IN)
                         net (fo=0)                   0.000     0.000    a[5]
    F18                  IBUF (Prop_ibuf_I_O)         1.496     1.496 r  a_IBUF[5]_inst/O
                         net (fo=6, routed)           3.357     4.853    alu/alu/a_IBUF[5]
    SLICE_X1Y21          CARRY4 (Prop_carry4_DI[1]_CO[3])
                                                      0.507     5.360 r  alu/alu/result_reg0_carry__0/CO[3]
                         net (fo=1, routed)           0.000     5.360    alu/alu/result_reg0_carry__0_n_0
    SLICE_X1Y22          CARRY4 (Prop_carry4_CI_CO[3])
                                                      0.114     5.474 r  alu/alu/result_reg0_carry__1/CO[3]
                         net (fo=1, routed)           0.000     5.474    alu/alu/result_reg0_carry__1_n_0
    SLICE_X1Y23          CARRY4 (Prop_carry4_CI_O[0])
                                                      0.222     5.696 r  alu/alu/result_reg0_carry__2/O[0]
                         net (fo=1, routed)           0.791     6.487    alu/alu/result_reg0_carry__2_n_7
    SLICE_X2Y23          LUT6 (Prop_lut6_I1_O)        0.299     6.786 r  alu/alu/result_OBUF[12]_inst_i_3/O
                         net (fo=1, routed)           0.452     7.238    alu/alu/result_OBUF[12]_inst_i_3_n_0
    SLICE_X2Y23          LUT6 (Prop_lut6_I2_O)        0.124     7.362 r  alu/alu/result_OBUF[12]_inst_i_2/O
                         net (fo=2, routed)           0.794     8.156    alu/alu/result_OBUF[12]_inst_i_2_n_0
    SLICE_X5Y23          LUT2 (Prop_lut2_I0_O)        0.150     8.306 r  alu/alu/result_OBUF[12]_inst_i_1/O
                         net (fo=1, routed)           3.678    11.983    result_OBUF[12]
    R1                   OBUF (Prop_obuf_I_O)         3.723    15.706 r  result_OBUF[12]_inst/O
                         net (fo=0)                   0.000    15.706    result[12]
    R1                                                                r  result[12] (OUT)
  -------------------------------------------------------------------    -------------------

Slack:                    inf
  Source:                 op[2]
                            (input port)
  Destination:            result[30]
                            (output port)
  Path Group:             (none)
  Path Type:              Max at Slow Process Corner
  Data Path Delay:        15.642ns  (logic 5.521ns (35.296%)  route 10.121ns (64.704%))
  Logic Levels:           4  (IBUF=1 LUT3=1 LUT6=1 OBUF=1)

    Location             Delay type                Incr(ns)  Path(ns)    Netlist Resource(s)
  -------------------------------------------------------------------    -------------------
    R8                                                0.000     0.000 r  op[2] (IN)
                         net (fo=0)                   0.000     0.000    op[2]
    R8                   IBUF (Prop_ibuf_I_O)         1.471     1.471 r  op_IBUF[2]_inst/O
                         net (fo=47, routed)          4.112     5.584    alu/alu/op_IBUF[2]
    SLICE_X0Y20          LUT3 (Prop_lut3_I0_O)        0.150     5.734 r  alu/alu/result_OBUF[31]_inst_i_3/O
                         net (fo=26, routed)          2.186     7.919    alu/alu/result_OBUF[31]_inst_i_3_n_0
    SLICE_X0Y27          LUT6 (Prop_lut6_I2_O)        0.326     8.245 r  alu/alu/result_OBUF[30]_inst_i_1/O
                         net (fo=2, routed)           3.823    12.069    result_OBUF[30]
    U4                   OBUF (Prop_obuf_I_O)         3.573    15.642 r  result_OBUF[30]_inst/O
                         net (fo=0)                   0.000    15.642    result[30]
    U4                                                                r  result[30] (OUT)
  -------------------------------------------------------------------    -------------------

Slack:                    inf
  Source:                 a[3]
                            (input port)
  Destination:            result[13]
                            (output port)
  Path Group:             (none)
  Path Type:              Max at Slow Process Corner
  Data Path Delay:        15.586ns  (logic 6.878ns (44.126%)  route 8.709ns (55.874%))
  Logic Levels:           10  (CARRY4=4 IBUF=1 LUT2=2 LUT6=2 OBUF=1)

    Location             Delay type                Incr(ns)  Path(ns)    Netlist Resource(s)
  -------------------------------------------------------------------    -------------------
    J18                                               0.000     0.000 r  a[3] (IN)
                         net (fo=0)                   0.000     0.000    a[3]
    J18                  IBUF (Prop_ibuf_I_O)         1.500     1.500 r  a_IBUF[3]_inst/O
                         net (fo=6, routed)           2.947     4.447    alu/alu/a_IBUF[3]
    SLICE_X3Y20          LUT2 (Prop_lut2_I0_O)        0.124     4.571 r  alu/alu/result_OBUF[3]_inst_i_4/O
                         net (fo=1, routed)           0.000     4.571    alu/alu/result_OBUF[3]_inst_i_4_n_0
    SLICE_X3Y20          CARRY4 (Prop_carry4_S[3]_CO[3])
                                                      0.401     4.972 r  alu/alu/result_OBUF[3]_inst_i_3/CO[3]
                         net (fo=1, routed)           0.000     4.972    alu/alu/result_OBUF[3]_inst_i_3_n_0
    SLICE_X3Y21          CARRY4 (Prop_carry4_CI_CO[3])
                                                      0.114     5.086 r  alu/alu/result_OBUF[7]_inst_i_3/CO[3]
                         net (fo=1, routed)           0.000     5.086    alu/alu/result_OBUF[7]_inst_i_3_n_0
    SLICE_X3Y22          CARRY4 (Prop_carry4_CI_CO[3])
                                                      0.114     5.200 r  alu/alu/result_OBUF[11]_inst_i_3/CO[3]
                         net (fo=1, routed)           0.000     5.200    alu/alu/result_OBUF[11]_inst_i_3_n_0
    SLICE_X3Y23          CARRY4 (Prop_carry4_CI_O[1])
                                                      0.334     5.534 r  alu/alu/result_OBUF[15]_inst_i_3/O[1]
                         net (fo=1, routed)           0.938     6.473    alu/alu/result_OBUF[15]_inst_i_3_n_6
    SLICE_X0Y23          LUT6 (Prop_lut6_I0_O)        0.303     6.776 r  alu/alu/result_OBUF[13]_inst_i_3/O
                         net (fo=1, routed)           0.444     7.220    alu/alu/result_OBUF[13]_inst_i_3_n_0
    SLICE_X0Y23          LUT6 (Prop_lut6_I2_O)        0.124     7.344 r  alu/alu/result_OBUF[13]_inst_i_2/O
                         net (fo=2, routed)           1.292     8.636    alu/alu/result_OBUF[13]_inst_i_2_n_0
    SLICE_X28Y23         LUT2 (Prop_lut2_I0_O)        0.150     8.786 r  alu/alu/result_OBUF[13]_inst_i_1/O
                         net (fo=1, routed)           3.087    11.873    result_OBUF[13]
    N4                   OBUF (Prop_obuf_I_O)         3.713    15.586 r  result_OBUF[13]_inst/O
                         net (fo=0)                   0.000    15.586    result[13]
    N4                                                                r  result[13] (OUT)
  -------------------------------------------------------------------    -------------------

Slack:                    inf
  Source:                 op[1]
                            (input port)
  Destination:            result[3]
                            (output port)
  Path Group:             (none)
  Path Type:              Max at Slow Process Corner
  Data Path Delay:        15.472ns  (logic 5.250ns (33.930%)  route 10.222ns (66.070%))
  Logic Levels:           4  (IBUF=1 LUT6=2 OBUF=1)

    Location             Delay type                Incr(ns)  Path(ns)    Netlist Resource(s)
  -------------------------------------------------------------------    -------------------
    T8                                                0.000     0.000 r  op[1] (IN)
                         net (fo=0)                   0.000     0.000    op[1]
    T8                   IBUF (Prop_ibuf_I_O)         1.467     1.467 r  op_IBUF[1]_inst/O
                         net (fo=49, routed)          5.920     7.387    alu/alu/op_IBUF[1]
    SLICE_X3Y19          LUT6 (Prop_lut6_I2_O)        0.124     7.511 r  alu/alu/result_OBUF[3]_inst_i_2/O
                         net (fo=1, routed)           0.433     7.944    alu/alu/result_OBUF[3]_inst_i_2_n_0
    SLICE_X3Y19          LUT6 (Prop_lut6_I1_O)        0.124     8.068 r  alu/alu/result_OBUF[3]_inst_i_1/O
                         net (fo=2, routed)           3.870    11.937    result_OBUF[3]
    V9                   OBUF (Prop_obuf_I_O)         3.535    15.472 r  result_OBUF[3]_inst/O
                         net (fo=0)                   0.000    15.472    result[3]
    V9                                                                r  result[3] (OUT)
  -------------------------------------------------------------------    -------------------

Slack:                    inf
  Source:                 a[3]
                            (input port)
  Destination:            result[5]
                            (output port)
  Path Group:             (none)
  Path Type:              Max at Slow Process Corner
  Data Path Delay:        15.260ns  (logic 6.451ns (42.275%)  route 8.809ns (57.725%))
  Logic Levels:           8  (CARRY4=2 IBUF=1 LUT2=2 LUT6=2 OBUF=1)

    Location             Delay type                Incr(ns)  Path(ns)    Netlist Resource(s)
  -------------------------------------------------------------------    -------------------
    J18                                               0.000     0.000 r  a[3] (IN)
                         net (fo=0)                   0.000     0.000    a[3]
    J18                  IBUF (Prop_ibuf_I_O)         1.500     1.500 r  a_IBUF[3]_inst/O
                         net (fo=6, routed)           2.947     4.447    alu/alu/a_IBUF[3]
    SLICE_X3Y20          LUT2 (Prop_lut2_I0_O)        0.124     4.571 r  alu/alu/result_OBUF[3]_inst_i_4/O
                         net (fo=1, routed)           0.000     4.571    alu/alu/result_OBUF[3]_inst_i_4_n_0
    SLICE_X3Y20          CARRY4 (Prop_carry4_S[3]_CO[3])
                                                      0.401     4.972 r  alu/alu/result_OBUF[3]_inst_i_3/CO[3]
                         net (fo=1, routed)           0.000     4.972    alu/alu/result_OBUF[3]_inst_i_3_n_0
    SLICE_X3Y21          CARRY4 (Prop_carry4_CI_O[1])
                                                      0.334     5.306 r  alu/alu/result_OBUF[7]_inst_i_3/O[1]
                         net (fo=1, routed)           0.938     6.245    alu/alu/result_OBUF[7]_inst_i_3_n_6
    SLICE_X0Y21          LUT6 (Prop_lut6_I0_O)        0.303     6.548 r  alu/alu/result_OBUF[5]_inst_i_3/O
                         net (fo=1, routed)           0.444     6.992    alu/alu/result_OBUF[5]_inst_i_3_n_0
    SLICE_X0Y21          LUT6 (Prop_lut6_I2_O)        0.124     7.116 r  alu/alu/result_OBUF[5]_inst_i_2/O
                         net (fo=2, routed)           0.656     7.772    alu/alu/result_OBUF[5]_inst_i_2_n_0
    SLICE_X4Y21          LUT2 (Prop_lut2_I0_O)        0.124     7.896 r  alu/alu/result_OBUF[5]_inst_i_1/O
                         net (fo=1, routed)           3.824    11.719    result_OBUF[5]
    V6                   OBUF (Prop_obuf_I_O)         3.541    15.260 r  result_OBUF[5]_inst/O
                         net (fo=0)                   0.000    15.260    result[5]
    V6                                                                r  result[5] (OUT)
  -------------------------------------------------------------------    -------------------

Slack:                    inf
  Source:                 op[2]
                            (input port)
  Destination:            result[16]
                            (output port)
  Path Group:             (none)
  Path Type:              Max at Slow Process Corner
  Data Path Delay:        15.222ns  (logic 5.471ns (35.944%)  route 9.751ns (64.056%))
  Logic Levels:           4  (IBUF=1 LUT3=1 LUT6=1 OBUF=1)

    Location             Delay type                Incr(ns)  Path(ns)    Netlist Resource(s)
  -------------------------------------------------------------------    -------------------
    R8                                                0.000     0.000 r  op[2] (IN)
                         net (fo=0)                   0.000     0.000    op[2]
    R8                   IBUF (Prop_ibuf_I_O)         1.471     1.471 r  op_IBUF[2]_inst/O
                         net (fo=47, routed)          4.112     5.584    alu/alu/op_IBUF[2]
    SLICE_X0Y20          LUT3 (Prop_lut3_I0_O)        0.150     5.734 r  alu/alu/result_OBUF[31]_inst_i_3/O
                         net (fo=26, routed)          1.558     7.291    alu/alu/result_OBUF[31]_inst_i_3_n_0
    SLICE_X0Y25          LUT6 (Prop_lut6_I2_O)        0.326     7.617 r  alu/alu/result_OBUF[16]_inst_i_1/O
                         net (fo=2, routed)           4.081    11.698    result_OBUF[16]
    P2                   OBUF (Prop_obuf_I_O)         3.524    15.222 r  result_OBUF[16]_inst/O
                         net (fo=0)                   0.000    15.222    result[16]
    P2                                                                r  result[16] (OUT)
  -------------------------------------------------------------------    -------------------

Slack:                    inf
  Source:                 op[2]
                            (input port)
  Destination:            result[25]
                            (output port)
  Path Group:             (none)
  Path Type:              Max at Slow Process Corner
  Data Path Delay:        15.204ns  (logic 5.512ns (36.251%)  route 9.693ns (63.749%))
  Logic Levels:           4  (IBUF=1 LUT3=1 LUT6=1 OBUF=1)

    Location             Delay type                Incr(ns)  Path(ns)    Netlist Resource(s)
  -------------------------------------------------------------------    -------------------
    R8                                                0.000     0.000 r  op[2] (IN)
                         net (fo=0)                   0.000     0.000    op[2]
    R8                   IBUF (Prop_ibuf_I_O)         1.471     1.471 r  op_IBUF[2]_inst/O
                         net (fo=47, routed)          4.112     5.584    alu/alu/op_IBUF[2]
    SLICE_X0Y20          LUT3 (Prop_lut3_I0_O)        0.150     5.734 r  alu/alu/result_OBUF[31]_inst_i_3/O
                         net (fo=26, routed)          1.906     7.640    alu/alu/result_OBUF[31]_inst_i_3_n_0
    SLICE_X2Y26          LUT6 (Prop_lut6_I2_O)        0.326     7.966 r  alu/alu/result_OBUF[25]_inst_i_1/O
                         net (fo=2, routed)           3.674    11.640    result_OBUF[25]
    V4                   OBUF (Prop_obuf_I_O)         3.564    15.204 r  result_OBUF[25]_inst/O
                         net (fo=0)                   0.000    15.204    result[25]
    V4                                                                r  result[25] (OUT)
  -------------------------------------------------------------------    -------------------





Min Delay Paths
--------------------------------------------------------------------------------------
Slack:                    inf
  Source:                 b[19]
                            (input port)
  Destination:            result[19]
                            (output port)
  Path Group:             (none)
  Path Type:              Min at Fast Process Corner
  Data Path Delay:        3.111ns  (logic 1.505ns (48.380%)  route 1.606ns (51.620%))
  Logic Levels:           3  (IBUF=1 LUT6=1 OBUF=1)

    Location             Delay type                Incr(ns)  Path(ns)    Netlist Resource(s)
  -------------------------------------------------------------------    -------------------
    T16                                               0.000     0.000 r  b[19] (IN)
                         net (fo=0)                   0.000     0.000    b[19]
    T16                  IBUF (Prop_ibuf_I_O)         0.246     0.246 r  b_IBUF[19]_inst/O
                         net (fo=5, routed)           0.624     0.871    alu/alu/b_IBUF[19]
    SLICE_X2Y23          LUT6 (Prop_lut6_I3_O)        0.045     0.916 r  alu/alu/result_OBUF[19]_inst_i_1/O
                         net (fo=1, routed)           0.981     1.897    result_OBUF[19]
    P5                   OBUF (Prop_obuf_I_O)         1.214     3.111 r  result_OBUF[19]_inst/O
                         net (fo=0)                   0.000     3.111    result[19]
    P5                                                                r  result[19] (OUT)
  -------------------------------------------------------------------    -------------------

Slack:                    inf
  Source:                 b[26]
                            (input port)
  Destination:            result[26]
                            (output port)
  Path Group:             (none)
  Path Type:              Min at Fast Process Corner
  Data Path Delay:        3.283ns  (logic 1.551ns (47.232%)  route 1.732ns (52.768%))
  Logic Levels:           3  (IBUF=1 LUT6=1 OBUF=1)

    Location             Delay type                Incr(ns)  Path(ns)    Netlist Resource(s)
  -------------------------------------------------------------------    -------------------
    P17                                               0.000     0.000 r  b[26] (IN)
                         net (fo=0)                   0.000     0.000    b[26]
    P17                  IBUF (Prop_ibuf_I_O)         0.246     0.246 r  b_IBUF[26]_inst/O
                         net (fo=4, routed)           0.371     0.618    alu/alu/b_IBUF[26]
    SLICE_X0Y26          LUT6 (Prop_lut6_I3_O)        0.045     0.663 r  alu/alu/result_OBUF[26]_inst_i_1/O
                         net (fo=2, routed)           1.361     2.023    result_OBUF[26]
    V5                   OBUF (Prop_obuf_I_O)         1.259     3.283 r  result_OBUF[26]_inst/O
                         net (fo=0)                   0.000     3.283    result[26]
    V5                                                                r  result[26] (OUT)
  -------------------------------------------------------------------    -------------------

Slack:                    inf
  Source:                 b[25]
                            (input port)
  Destination:            result[25]
                            (output port)
  Path Group:             (none)
  Path Type:              Min at Fast Process Corner
  Data Path Delay:        3.345ns  (logic 1.552ns (46.386%)  route 1.793ns (53.614%))
  Logic Levels:           3  (IBUF=1 LUT6=1 OBUF=1)

    Location             Delay type                Incr(ns)  Path(ns)    Netlist Resource(s)
  -------------------------------------------------------------------    -------------------
    R17                                               0.000     0.000 r  b[25] (IN)
                         net (fo=0)                   0.000     0.000    b[25]
    R17                  IBUF (Prop_ibuf_I_O)         0.242     0.242 r  b_IBUF[25]_inst/O
                         net (fo=4, routed)           0.422     0.664    alu/alu/b_IBUF[25]
    SLICE_X2Y26          LUT6 (Prop_lut6_I3_O)        0.045     0.709 r  alu/alu/result_OBUF[25]_inst_i_1/O
                         net (fo=2, routed)           1.371     2.080    result_OBUF[25]
    V4                   OBUF (Prop_obuf_I_O)         1.265     3.345 r  result_OBUF[25]_inst/O
                         net (fo=0)                   0.000     3.345    result[25]
    V4                                                                r  result[25] (OUT)
  -------------------------------------------------------------------    -------------------

Slack:                    inf
  Source:                 b[27]
                            (input port)
  Destination:            result[27]
                            (output port)
  Path Group:             (none)
  Path Type:              Min at Fast Process Corner
  Data Path Delay:        3.352ns  (logic 1.594ns (47.552%)  route 1.758ns (52.448%))
  Logic Levels:           4  (IBUF=1 LUT6=2 OBUF=1)

    Location             Delay type                Incr(ns)  Path(ns)    Netlist Resource(s)
  -------------------------------------------------------------------    -------------------
    N16                                               0.000     0.000 r  b[27] (IN)
                         net (fo=0)                   0.000     0.000    b[27]
    N16                  IBUF (Prop_ibuf_I_O)         0.244     0.244 r  b_IBUF[27]_inst/O
                         net (fo=4, routed)           0.368     0.612    alu/alu/b_IBUF[27]
    SLICE_X0Y26          LUT6 (Prop_lut6_I3_O)        0.045     0.657 r  alu/alu/result_OBUF[27]_inst_i_2/O
                         net (fo=1, routed)           0.099     0.755    alu/alu/result_OBUF[27]_inst_i_2_n_0
    SLICE_X2Y27          LUT6 (Prop_lut6_I1_O)        0.045     0.800 r  alu/alu/result_OBUF[27]_inst_i_1/O
                         net (fo=2, routed)           1.291     2.092    result_OBUF[27]
    V2                   OBUF (Prop_obuf_I_O)         1.260     3.352 r  result_OBUF[27]_inst/O
                         net (fo=0)                   0.000     3.352    result[27]
    V2                                                                r  result[27] (OUT)
  -------------------------------------------------------------------    -------------------

Slack:                    inf
  Source:                 b[17]
                            (input port)
  Destination:            result[17]
                            (output port)
  Path Group:             (none)
  Path Type:              Min at Fast Process Corner
  Data Path Delay:        3.379ns  (logic 1.523ns (45.091%)  route 1.855ns (54.909%))
  Logic Levels:           3  (IBUF=1 LUT6=1 OBUF=1)

    Location             Delay type                Incr(ns)  Path(ns)    Netlist Resource(s)
  -------------------------------------------------------------------    -------------------
    V16                                               0.000     0.000 r  b[17] (IN)
                         net (fo=0)                   0.000     0.000    b[17]
    V16                  IBUF (Prop_ibuf_I_O)         0.259     0.259 r  b_IBUF[17]_inst/O
                         net (fo=4, routed)           0.514     0.774    alu/alu/b_IBUF[17]
    SLICE_X0Y24          LUT6 (Prop_lut6_I3_O)        0.045     0.819 r  alu/alu/result_OBUF[17]_inst_i_1/O
                         net (fo=2, routed)           1.341     2.159    result_OBUF[17]
    P3                   OBUF (Prop_obuf_I_O)         1.219     3.379 r  result_OBUF[17]_inst/O
                         net (fo=0)                   0.000     3.379    result[17]
    P3                                                                r  result[17] (OUT)
  -------------------------------------------------------------------    -------------------

Slack:                    inf
  Source:                 b[18]
                            (input port)
  Destination:            result[18]
                            (output port)
  Path Group:             (none)
  Path Type:              Min at Fast Process Corner
  Data Path Delay:        3.394ns  (logic 1.528ns (45.006%)  route 1.867ns (54.994%))
  Logic Levels:           3  (IBUF=1 LUT6=1 OBUF=1)

    Location             Delay type                Incr(ns)  Path(ns)    Netlist Resource(s)
  -------------------------------------------------------------------    -------------------
    V15                                               0.000     0.000 r  b[18] (IN)
                         net (fo=0)                   0.000     0.000    b[18]
    V15                  IBUF (Prop_ibuf_I_O)         0.260     0.260 r  b_IBUF[18]_inst/O
                         net (fo=5, routed)           0.547     0.807    alu/alu/b_IBUF[18]
    SLICE_X2Y23          LUT6 (Prop_lut6_I3_O)        0.045     0.852 r  alu/alu/result_OBUF[18]_inst_i_1/O
                         net (fo=1, routed)           1.319     2.172    result_OBUF[18]
    P4                   OBUF (Prop_obuf_I_O)         1.222     3.394 r  result_OBUF[18]_inst/O
                         net (fo=0)                   0.000     3.394    result[18]
    P4                                                                r  result[18] (OUT)
  -------------------------------------------------------------------    -------------------

Slack:                    inf
  Source:                 b[30]
                            (input port)
  Destination:            result[30]
                            (output port)
  Path Group:             (none)
  Path Type:              Min at Fast Process Corner
  Data Path Delay:        3.439ns  (logic 1.550ns (45.068%)  route 1.889ns (54.932%))
  Logic Levels:           3  (IBUF=1 LUT6=1 OBUF=1)

    Location             Delay type                Incr(ns)  Path(ns)    Netlist Resource(s)
  -------------------------------------------------------------------    -------------------
    M16                                               0.000     0.000 r  b[30] (IN)
                         net (fo=0)                   0.000     0.000    b[30]
    M16                  IBUF (Prop_ibuf_I_O)         0.231     0.231 r  b_IBUF[30]_inst/O
                         net (fo=4, routed)           0.480     0.711    alu/alu/b_IBUF[30]
    SLICE_X0Y27          LUT6 (Prop_lut6_I3_O)        0.045     0.756 r  alu/alu/result_OBUF[30]_inst_i_1/O
                         net (fo=2, routed)           1.409     2.165    result_OBUF[30]
    U4                   OBUF (Prop_obuf_I_O)         1.274     3.439 r  result_OBUF[30]_inst/O
                         net (fo=0)                   0.000     3.439    result[30]
    U4                                                                r  result[30] (OUT)
  -------------------------------------------------------------------    -------------------

Slack:                    inf
  Source:                 b[20]
                            (input port)
  Destination:            result[20]
                            (output port)
  Path Group:             (none)
  Path Type:              Min at Fast Process Corner
  Data Path Delay:        3.446ns  (logic 1.502ns (43.580%)  route 1.944ns (56.420%))
  Logic Levels:           3  (IBUF=1 LUT6=1 OBUF=1)

    Location             Delay type                Incr(ns)  Path(ns)    Netlist Resource(s)
  -------------------------------------------------------------------    -------------------
    R16                                               0.000     0.000 r  b[20] (IN)
                         net (fo=0)                   0.000     0.000    b[20]
    R16                  IBUF (Prop_ibuf_I_O)         0.244     0.244 r  b_IBUF[20]_inst/O
                         net (fo=4, routed)           0.658     0.902    alu/alu/b_IBUF[20]
    SLICE_X0Y25          LUT6 (Prop_lut6_I3_O)        0.045     0.947 r  alu/alu/result_OBUF[20]_inst_i_1/O
                         net (fo=2, routed)           1.286     2.233    result_OBUF[20]
    N5                   OBUF (Prop_obuf_I_O)         1.213     3.446 r  result_OBUF[20]_inst/O
                         net (fo=0)                   0.000     3.446    result[20]
    N5                                                                r  result[20] (OUT)
  -------------------------------------------------------------------    -------------------

Slack:                    inf
  Source:                 b[9]
                            (input port)
  Destination:            result[9]
                            (output port)
  Path Group:             (none)
  Path Type:              Min at Fast Process Corner
  Data Path Delay:        3.449ns  (logic 1.532ns (44.429%)  route 1.917ns (55.571%))
  Logic Levels:           3  (IBUF=1 LUT6=1 OBUF=1)

    Location             Delay type                Incr(ns)  Path(ns)    Netlist Resource(s)
  -------------------------------------------------------------------    -------------------
    V12                                               0.000     0.000 r  b[9] (IN)
                         net (fo=0)                   0.000     0.000    b[9]
    V12                  IBUF (Prop_ibuf_I_O)         0.274     0.274 r  b_IBUF[9]_inst/O
                         net (fo=5, routed)           0.849     1.123    alu/alu/b_IBUF[9]
    SLICE_X3Y19          LUT6 (Prop_lut6_I3_O)        0.045     1.168 r  alu/alu/result_OBUF[9]_inst_i_1/O
                         net (fo=1, routed)           1.068     2.236    result_OBUF[9]
    N6                   OBUF (Prop_obuf_I_O)         1.214     3.449 r  result_OBUF[9]_inst/O
                         net (fo=0)                   0.000     3.449    result[9]
    N6                                                                r  result[9] (OUT)
  -------------------------------------------------------------------    -------------------

Slack:                    inf
  Source:                 b[15]
                            (input port)
  Destination:            result[15]
                            (output port)
  Path Group:             (none)
  Path Type:              Min at Fast Process Corner
  Data Path Delay:        3.530ns  (logic 1.518ns (43.001%)  route 2.012ns (56.999%))
  Logic Levels:           3  (IBUF=1 LUT6=1 OBUF=1)

    Location             Delay type                Incr(ns)  Path(ns)    Netlist Resource(s)
  -------------------------------------------------------------------    -------------------
    U18                                               0.000     0.000 r  b[15] (IN)
                         net (fo=0)                   0.000     0.000    b[15]
    U18                  IBUF (Prop_ibuf_I_O)         0.249     0.249 r  b_IBUF[15]_inst/O
                         net (fo=4, routed)           0.500     0.750    alu/alu/b_IBUF[15]
    SLICE_X0Y22          LUT6 (Prop_lut6_I3_O)        0.045     0.795 r  alu/alu/result_OBUF[15]_inst_i_1/O
                         net (fo=2, routed)           1.512     2.307    result_OBUF[15]
    R2                   OBUF (Prop_obuf_I_O)         1.224     3.530 r  result_OBUF[15]_inst/O
                         net (fo=0)                   0.000     3.530    result[15]
    R2                                                                r  result[15] (OUT)
  -------------------------------------------------------------------    -------------------





