Copyright 1986-2022 Xilinx, Inc. All Rights Reserved. Copyright 2022-2023 Advanced Micro Devices, Inc. All Rights Reserved.
-------------------------------------------------------------------------------------------------------------------------------------------------
| Tool Version     : Vivado v.2023.2 (lin64) Build 4029153 Fri Oct 13 20:13:54 MDT 2023
| Date             : Sun Jun 21 02:54:47 2026
| Host             : nguyenvanthuc2407 running 64-bit Ubuntu 24.04.4 LTS
| Command          : report_power -file soc_mini_power.rpt
| Design           : soc_mini
| Device           : xc7a35tcsg324-1
| Design State     : routed
| Grade            : commercial
| Process          : typical
| Characterization : Production
-------------------------------------------------------------------------------------------------------------------------------------------------

Power Report

Table of Contents
-----------------
1. Summary
1.1 On-Chip Components
1.2 Power Supply Summary
1.3 Confidence Level
2. Settings
2.1 Environment
2.2 Clock Constraints
3. Detailed Reports
3.1 By Hierarchy

1. Summary
----------

+--------------------------+--------------+
| Total On-Chip Power (W)  | 8.337        |
| Design Power Budget (W)  | Unspecified* |
| Power Budget Margin (W)  | NA           |
| Dynamic (W)              | 8.226        |
| Device Static (W)        | 0.111        |
| Effective TJA (C/W)      | 4.8          |
| Max Ambient (C)          | 45.2         |
| Junction Temperature (C) | 64.8         |
| Confidence Level         | Low          |
| Setting File             | ---          |
| Simulation Activity File | ---          |
| Design Nets Matched      | NA           |
+--------------------------+--------------+
* Specify Design Power Budget using, set_operating_conditions -design_power_budget <value in Watts>


1.1 On-Chip Components
----------------------

+--------------------------+-----------+----------+-----------+-----------------+
| On-Chip                  | Power (W) | Used     | Available | Utilization (%) |
+--------------------------+-----------+----------+-----------+-----------------+
| Slice Logic              |     3.777 |     4310 |       --- |             --- |
|   LUT as Logic           |     2.808 |     2128 |     20800 |           10.23 |
|   CARRY4                 |     0.629 |      176 |      8150 |            2.16 |
|   Register               |     0.170 |     1577 |     41600 |            3.79 |
|   LUT as Distributed RAM |     0.165 |      100 |      9600 |            1.04 |
|   BUFG                   |     0.006 |        1 |        32 |            3.13 |
|   Others                 |     0.000 |        8 |       --- |             --- |
| Signals                  |     3.915 |     3148 |       --- |             --- |
| Block RAM                |     0.526 |        4 |        50 |            8.00 |
| I/O                      |     0.008 |        3 |       210 |            1.43 |
| Static Power             |     0.111 |          |           |                 |
| Total                    |     8.337 |          |           |                 |
+--------------------------+-----------+----------+-----------+-----------------+


1.2 Power Supply Summary
------------------------

+-----------+-------------+-----------+-------------+------------+-------------+-------------+------------+
| Source    | Voltage (V) | Total (A) | Dynamic (A) | Static (A) | Powerup (A) | Budget (A)  | Margin (A) |
+-----------+-------------+-----------+-------------+------------+-------------+-------------+------------+
| Vccint    |       1.000 |     8.230 |       8.185 |      0.045 |       NA    | Unspecified | NA         |
| Vccaux    |       1.800 |     0.016 |       0.000 |      0.016 |       NA    | Unspecified | NA         |
| Vcco33    |       3.300 |     0.000 |       0.000 |      0.000 |       NA    | Unspecified | NA         |
| Vcco25    |       2.500 |     0.000 |       0.000 |      0.000 |       NA    | Unspecified | NA         |
| Vcco18    |       1.800 |     0.000 |       0.000 |      0.000 |       NA    | Unspecified | NA         |
| Vcco15    |       1.500 |     0.000 |       0.000 |      0.000 |       NA    | Unspecified | NA         |
| Vcco135   |       1.350 |     0.000 |       0.000 |      0.000 |       NA    | Unspecified | NA         |
| Vcco12    |       1.200 |     0.000 |       0.000 |      0.000 |       NA    | Unspecified | NA         |
| Vccaux_io |       1.800 |     0.000 |       0.000 |      0.000 |       NA    | Unspecified | NA         |
| Vccbram   |       1.000 |     0.042 |       0.041 |      0.001 |       NA    | Unspecified | NA         |
| MGTAVcc   |       1.000 |     0.000 |       0.000 |      0.000 |       NA    | Unspecified | NA         |
| MGTAVtt   |       1.200 |     0.000 |       0.000 |      0.000 |       NA    | Unspecified | NA         |
| Vccadc    |       1.800 |     0.020 |       0.000 |      0.020 |       NA    | Unspecified | NA         |
+-----------+-------------+-----------+-------------+------------+-------------+-------------+------------+


1.3 Confidence Level
--------------------

+-----------------------------+------------+--------------------------------------------------------+--------------------------------------------------------------------------------------------------------------------+
| User Input Data             | Confidence | Details                                                | Action                                                                                                             |
+-----------------------------+------------+--------------------------------------------------------+--------------------------------------------------------------------------------------------------------------------+
| Design implementation state | High       | Design is routed                                       |                                                                                                                    |
| Clock nodes activity        | Low        | User specified less than 75% of clocks                 | Provide missing clock activity with a constraint file, simulation results or by editing the "By Clock Domain" view |
| I/O nodes activity          | Low        | More than 75% of inputs are missing user specification | Provide missing input activity with simulation results or by editing the "By Resource Type -> I/Os" view           |
| Internal nodes activity     | Medium     | User specified less than 25% of internal nodes         | Provide missing internal nodes activity with simulation results or by editing the "By Resource Type" views         |
| Device models               | High       | Device models are Production                           |                                                                                                                    |
|                             |            |                                                        |                                                                                                                    |
| Overall confidence level    | Low        |                                                        |                                                                                                                    |
+-----------------------------+------------+--------------------------------------------------------+--------------------------------------------------------------------------------------------------------------------+


2. Settings
-----------

2.1 Environment
---------------

+-----------------------+--------------------------+
| Ambient Temp (C)      | 25.0                     |
| ThetaJA (C/W)         | 4.8                      |
| Airflow (LFM)         | 250                      |
| Heat Sink             | medium (Medium Profile)  |
| ThetaSA (C/W)         | 4.6                      |
| Board Selection       | medium (10"x10")         |
| # of Board Layers     | 12to15 (12 to 15 Layers) |
| Board Temperature (C) | 25.0                     |
+-----------------------+--------------------------+


2.2 Clock Constraints
---------------------

+-------+--------+-----------------+
| Clock | Domain | Constraint (ns) |
+-------+--------+-----------------+


3. Detailed Reports
-------------------

3.1 By Hierarchy
----------------

+-------------------------------+-----------+
| Name                          | Power (W) |
+-------------------------------+-----------+
| soc_mini                      |     8.226 |
|   picorv32                    |     5.956 |
|     cpuregs_reg_r1_0_63_0_2   |     0.011 |
|     cpuregs_reg_r1_0_63_12_14 |     0.013 |
|     cpuregs_reg_r1_0_63_15_17 |     0.009 |
|     cpuregs_reg_r1_0_63_18_20 |     0.012 |
|     cpuregs_reg_r1_0_63_21_23 |     0.011 |
|     cpuregs_reg_r1_0_63_24_26 |     0.015 |
|     cpuregs_reg_r1_0_63_27_29 |     0.009 |
|     cpuregs_reg_r1_0_63_30_31 |     0.009 |
|     cpuregs_reg_r1_0_63_3_5   |     0.010 |
|     cpuregs_reg_r1_0_63_6_8   |     0.012 |
|     cpuregs_reg_r1_0_63_9_11  |     0.011 |
|     cpuregs_reg_r2_0_63_0_2   |     0.018 |
|     cpuregs_reg_r2_0_63_12_14 |     0.020 |
|     cpuregs_reg_r2_0_63_15_17 |     0.019 |
|     cpuregs_reg_r2_0_63_18_20 |     0.028 |
|     cpuregs_reg_r2_0_63_21_23 |     0.018 |
|     cpuregs_reg_r2_0_63_24_26 |     0.014 |
|     cpuregs_reg_r2_0_63_27_29 |     0.022 |
|     cpuregs_reg_r2_0_63_30_31 |     0.020 |
|     cpuregs_reg_r2_0_63_3_5   |     0.016 |
|     cpuregs_reg_r2_0_63_6_8   |     0.026 |
|     cpuregs_reg_r2_0_63_9_11  |     0.019 |
|     pcpi_div                  |     0.944 |
|     pcpi_mul                  |     0.394 |
+-------------------------------+-----------+


